{"uid":"1668de8e76fbcd4d","name":"shouldCompleteCheckoutSuccessfully","fullName":"prestashop.tests.e2e.AddProductsToCartTest.shouldCompleteCheckoutSuccessfully","historyId":"6cbeb55ff9420a4eb31a161df3d46f78","time":{"start":1766410666425,"stop":1766410700292,"duration":33867},"status":"broken","statusMessage":"Cart is empty after clicking 'Add to cart'. Product was not added — probable demo site lag.","statusTrace":"java.lang.IllegalStateException: Cart is empty after clicking 'Add to cart'. Product was not added — probable demo site lag.\n\tat prestashop.steps.CartPopupSteps.clickContinueShopping(CartPopupSteps.java:23)\n\tat prestashop.flows.CheckoutFlowSteps.addProductsToCart(CheckoutFlowSteps.java:44)\n\tat prestashop.tests.e2e.AddProductsToCartTest.shouldCompleteCheckoutSuccessfully(AddProductsToCartTest.java:24)\n\tat java.base/jdk.internal.reflect.NativeMethodAccessorImpl.invoke0(Native Method)\n\tat java.base/jdk.internal.reflect.NativeMethodAccessorImpl.invoke(NativeMethodAccessorImpl.java:77)\n\tat java.base/jdk.internal.reflect.DelegatingMethodAccessorImpl.invoke(DelegatingMethodAccessorImpl.java:43)\n\tat java.base/java.lang.reflect.Method.invoke(Method.java:569)\n\tat org.testng.internal.invokers.MethodInvocationHelper.invokeMethod(MethodInvocationHelper.java:141)\n\tat org.testng.internal.invokers.TestInvoker.invokeMethod(TestInvoker.java:686)\n\tat org.testng.internal.invokers.TestInvoker.invokeTestMethod(TestInvoker.java:230)\n\tat org.testng.internal.invokers.MethodRunner.runInSequence(MethodRunner.java:63)\n\tat org.testng.internal.invokers.TestInvoker$MethodInvocationAgent.invoke(TestInvoker.java:992)\n\tat org.testng.internal.invokers.TestInvoker.invokeTestMethods(TestInvoker.java:203)\n\tat org.testng.internal.invokers.TestMethodWorker.invokeTestMethods(TestMethodWorker.java:154)\n\tat org.testng.internal.invokers.TestMethodWorker.run(TestMethodWorker.java:134)\n\tat java.base/java.util.concurrent.Executors$RunnableAdapter.call(Executors.java:539)\n\tat java.base/java.util.concurrent.FutureTask.run(FutureTask.java:264)\n\tat org.testng.internal.thread.graph.TestNGFutureTask.run(TestNGFutureTask.java:22)\n\tat java.base/java.util.concurrent.ThreadPoolExecutor.runWorker(ThreadPoolExecutor.java:1136)\n\tat java.base/java.util.concurrent.ThreadPoolExecutor$Worker.run(ThreadPoolExecutor.java:635)\n\tat java.base/java.lang.Thread.run(Thread.java:840)\n","flaky":false,"newFailed":false,"newBroken":false,"newPassed":false,"retriesCount":0,"retriesStatusChange":false,"beforeStages":[{"name":"setUp","time":{"start":1766410640131,"stop":1766410666356,"duration":26225},"description":"","status":"passed","steps":[{"name":"Open main page","time":{"start":1766410654444,"stop":1766410654446,"duration":2},"status":"passed","steps":[],"attachments":[],"parameters":[],"shouldDisplayMessage":false,"stepsCount":0,"attachmentsCount":0,"hasContent":false,"attachmentStep":false}],"attachments":[],"parameters":[],"shouldDisplayMessage":false,"stepsCount":1,"attachmentsCount":0,"hasContent":true,"attachmentStep":false}],"testStage":{"status":"broken","statusMessage":"Cart is empty after clicking 'Add to cart'. Product was not added — probable demo site lag.","statusTrace":"java.lang.IllegalStateException: Cart is empty after clicking 'Add to cart'. Product was not added — probable demo site lag.\n\tat prestashop.steps.CartPopupSteps.clickContinueShopping(CartPopupSteps.java:23)\n\tat prestashop.flows.CheckoutFlowSteps.addProductsToCart(CheckoutFlowSteps.java:44)\n\tat prestashop.tests.e2e.AddProductsToCartTest.shouldCompleteCheckoutSuccessfully(AddProductsToCartTest.java:24)\n\tat java.base/jdk.internal.reflect.NativeMethodAccessorImpl.invoke0(Native Method)\n\tat java.base/jdk.internal.reflect.NativeMethodAccessorImpl.invoke(NativeMethodAccessorImpl.java:77)\n\tat java.base/jdk.internal.reflect.DelegatingMethodAccessorImpl.invoke(DelegatingMethodAccessorImpl.java:43)\n\tat java.base/java.lang.reflect.Method.invoke(Method.java:569)\n\tat org.testng.internal.invokers.MethodInvocationHelper.invokeMethod(MethodInvocationHelper.java:141)\n\tat org.testng.internal.invokers.TestInvoker.invokeMethod(TestInvoker.java:686)\n\tat org.testng.internal.invokers.TestInvoker.invokeTestMethod(TestInvoker.java:230)\n\tat org.testng.internal.invokers.MethodRunner.runInSequence(MethodRunner.java:63)\n\tat org.testng.internal.invokers.TestInvoker$MethodInvocationAgent.invoke(TestInvoker.java:992)\n\tat org.testng.internal.invokers.TestInvoker.invokeTestMethods(TestInvoker.java:203)\n\tat org.testng.internal.invokers.TestMethodWorker.invokeTestMethods(TestMethodWorker.java:154)\n\tat org.testng.internal.invokers.TestMethodWorker.run(TestMethodWorker.java:134)\n\tat java.base/java.util.concurrent.Executors$RunnableAdapter.call(Executors.java:539)\n\tat java.base/java.util.concurrent.FutureTask.run(FutureTask.java:264)\n\tat org.testng.internal.thread.graph.TestNGFutureTask.run(TestNGFutureTask.java:22)\n\tat java.base/java.util.concurrent.ThreadPoolExecutor.runWorker(ThreadPoolExecutor.java:1136)\n\tat java.base/java.util.concurrent.ThreadPoolExecutor$Worker.run(ThreadPoolExecutor.java:635)\n\tat java.base/java.lang.Thread.run(Thread.java:840)\n","steps":[{"name":"Start adding multiple products to cart. Total items: 2","time":{"start":1766410666430,"stop":1766410666430,"duration":0},"status":"passed","steps":[],"attachments":[],"parameters":[],"shouldDisplayMessage":false,"stepsCount":0,"attachmentsCount":0,"hasContent":false,"attachmentStep":false},{"name":"Search product 'Mug'","time":{"start":1766410666430,"stop":1766410666431,"duration":1},"status":"passed","steps":[],"attachments":[],"parameters":[],"shouldDisplayMessage":false,"stepsCount":0,"attachmentsCount":0,"hasContent":false,"attachmentStep":false},{"name":"Click on product with title 'Customizable Mug'","time":{"start":1766410666456,"stop":1766410666456,"duration":0},"status":"passed","steps":[],"attachments":[],"parameters":[],"shouldDisplayMessage":false,"stepsCount":0,"attachmentsCount":0,"hasContent":false,"attachmentStep":false},{"name":"Configure product options before adding to cart","time":{"start":1766410667313,"stop":1766410667314,"duration":1},"status":"passed","steps":[],"attachments":[],"parameters":[],"shouldDisplayMessage":false,"stepsCount":0,"attachmentsCount":0,"hasContent":false,"attachmentStep":false},{"name":"Add product to cart","time":{"start":1766410669971,"stop":1766410669971,"duration":0},"status":"passed","steps":[],"attachments":[],"parameters":[],"shouldDisplayMessage":false,"stepsCount":0,"attachmentsCount":0,"hasContent":false,"attachmentStep":false},{"name":"Click 'Continue Shopping' button on cart popup","time":{"start":1766410670140,"stop":1766410670140,"duration":0},"status":"passed","steps":[],"attachments":[],"parameters":[],"shouldDisplayMessage":false,"stepsCount":0,"attachmentsCount":0,"hasContent":false,"attachmentStep":false}],"attachments":[{"uid":"92781c63a960f673","name":"Failure Screenshot","source":"92781c63a960f673.png","type":"image/png","size":93482},{"uid":"455b1c4e8a50dcec","name":"Page URL","source":"455b1c4e8a50dcec.txt","type":"text/plain","size":38}],"parameters":[],"shouldDisplayMessage":true,"stepsCount":6,"attachmentsCount":2,"hasContent":true,"attachmentStep":false},"afterStages":[{"name":"tearDown","time":{"start":1766410700303,"stop":1766410700352,"duration":49},"description":"","status":"passed","steps":[],"attachments":[],"parameters":[],"shouldDisplayMessage":false,"stepsCount":0,"attachmentsCount":0,"hasContent":false,"attachmentStep":false}],"labels":[{"name":"package","value":"prestashop.tests.e2e.AddProductsToCartTest"},{"name":"testClass","value":"prestashop.tests.e2e.AddProductsToCartTest"},{"name":"testMethod","value":"shouldCompleteCheckoutSuccessfully"},{"name":"parentSuite","value":"E2E Suite"},{"name":"suite","value":"E2E Tests"},{"name":"subSuite","value":"prestashop.tests.e2e.AddProductsToCartTest"},{"name":"host","value":"runnervmh13bl"},{"name":"thread","value":"2269@runnervmh13bl.TestNG-test-E2E Tests-1(16)"},{"name":"framework","value":"testng"},{"name":"language","value":"java"},{"name":"resultFormat","value":"allure2"}],"parameters":[{"name":"browser","value":"${browser:chromium}"},{"name":"headless","value":"${headless:true}"},{"name":"resolution","value":"${resolution:FULL_HD}"}],"links":[{"name":"E2E-02","type":"issue"}],"hidden":false,"retry":false,"extra":{"severity":"normal","retries":[],"categories":[{"name":"Test defects","matchedStatuses":[]}],"tags":[]},"source":"1668de8e76fbcd4d.json","parameterValues":["${browser:chromium}","${headless:true}","${resolution:FULL_HD}"]}