{"uid":"75446221392ffa31","name":"Verify that a user can add multiple products to the cart, complete checkout, and see a successful order confirmation","fullName":"prestashop.tests.e2e.AddProductsToCartTest.shouldCompleteCheckoutSuccessfully","historyId":"417c4396fffb00e50f61d76016959796","time":{"start":1766586661468,"stop":1766586695072,"duration":33604},"status":"broken","statusMessage":"[KNOWN ISSUE] Cart is empty after clicking 'Add to cart'. Product was not added — probable demo site lag.","statusTrace":"java.lang.IllegalStateException: [KNOWN ISSUE] Cart is empty after clicking 'Add to cart'. Product was not added — probable demo site lag.\n\tat prestashop.steps.CartPopupSteps.clickContinueShopping(CartPopupSteps.java:23)\n\tat prestashop.flows.CheckoutFlowSteps.addProductsToCart(CheckoutFlowSteps.java:49)\n\tat prestashop.tests.e2e.AddProductsToCartTest.shouldCompleteCheckoutSuccessfully(AddProductsToCartTest.java:32)\n\tat java.base/jdk.internal.reflect.NativeMethodAccessorImpl.invoke0(Native Method)\n\tat java.base/jdk.internal.reflect.NativeMethodAccessorImpl.invoke(NativeMethodAccessorImpl.java:77)\n\tat java.base/jdk.internal.reflect.DelegatingMethodAccessorImpl.invoke(DelegatingMethodAccessorImpl.java:43)\n\tat java.base/java.lang.reflect.Method.invoke(Method.java:569)\n\tat org.testng.internal.invokers.MethodInvocationHelper.invokeMethod(MethodInvocationHelper.java:141)\n\tat org.testng.internal.invokers.TestInvoker.invokeMethod(TestInvoker.java:686)\n\tat org.testng.internal.invokers.TestInvoker.retryFailed(TestInvoker.java:269)\n\tat org.testng.internal.invokers.MethodRunner.runInSequence(MethodRunner.java:76)\n\tat org.testng.internal.invokers.TestInvoker$MethodInvocationAgent.invoke(TestInvoker.java:992)\n\tat org.testng.internal.invokers.TestInvoker.invokeTestMethods(TestInvoker.java:203)\n\tat org.testng.internal.invokers.TestMethodWorker.invokeTestMethods(TestMethodWorker.java:154)\n\tat org.testng.internal.invokers.TestMethodWorker.run(TestMethodWorker.java:134)\n\tat java.base/java.util.concurrent.Executors$RunnableAdapter.call(Executors.java:539)\n\tat java.base/java.util.concurrent.FutureTask.run(FutureTask.java:264)\n\tat org.testng.internal.thread.graph.TestNGFutureTask.run(TestNGFutureTask.java:22)\n\tat java.base/java.util.concurrent.ThreadPoolExecutor.runWorker(ThreadPoolExecutor.java:1136)\n\tat java.base/java.util.concurrent.ThreadPoolExecutor$Worker.run(ThreadPoolExecutor.java:635)\n\tat java.base/java.lang.Thread.run(Thread.java:840)\n","flaky":false,"newFailed":false,"newBroken":false,"newPassed":false,"retriesCount":1,"retriesStatusChange":true,"beforeStages":[{"name":"setUp","time":{"start":1766586650521,"stop":1766586661465,"duration":10944},"description":"","status":"passed","steps":[{"name":"Set up test environment","time":{"start":1766586650521,"stop":1766586650835,"duration":314},"status":"passed","steps":[],"attachments":[],"parameters":[],"shouldDisplayMessage":false,"stepsCount":0,"attachmentsCount":0,"hasContent":false,"attachmentStep":false},{"name":"Open main page","time":{"start":1766586650835,"stop":1766586650835,"duration":0},"status":"passed","steps":[],"attachments":[],"parameters":[],"shouldDisplayMessage":false,"stepsCount":0,"attachmentsCount":0,"hasContent":false,"attachmentStep":false}],"attachments":[],"parameters":[],"shouldDisplayMessage":false,"stepsCount":2,"attachmentsCount":0,"hasContent":true,"attachmentStep":false}],"testStage":{"status":"broken","statusMessage":"[KNOWN ISSUE] Cart is empty after clicking 'Add to cart'. Product was not added — probable demo site lag.","statusTrace":"java.lang.IllegalStateException: [KNOWN ISSUE] Cart is empty after clicking 'Add to cart'. Product was not added — probable demo site lag.\n\tat prestashop.steps.CartPopupSteps.clickContinueShopping(CartPopupSteps.java:23)\n\tat prestashop.flows.CheckoutFlowSteps.addProductsToCart(CheckoutFlowSteps.java:49)\n\tat prestashop.tests.e2e.AddProductsToCartTest.shouldCompleteCheckoutSuccessfully(AddProductsToCartTest.java:32)\n\tat java.base/jdk.internal.reflect.NativeMethodAccessorImpl.invoke0(Native Method)\n\tat java.base/jdk.internal.reflect.NativeMethodAccessorImpl.invoke(NativeMethodAccessorImpl.java:77)\n\tat java.base/jdk.internal.reflect.DelegatingMethodAccessorImpl.invoke(DelegatingMethodAccessorImpl.java:43)\n\tat java.base/java.lang.reflect.Method.invoke(Method.java:569)\n\tat org.testng.internal.invokers.MethodInvocationHelper.invokeMethod(MethodInvocationHelper.java:141)\n\tat org.testng.internal.invokers.TestInvoker.invokeMethod(TestInvoker.java:686)\n\tat org.testng.internal.invokers.TestInvoker.retryFailed(TestInvoker.java:269)\n\tat org.testng.internal.invokers.MethodRunner.runInSequence(MethodRunner.java:76)\n\tat org.testng.internal.invokers.TestInvoker$MethodInvocationAgent.invoke(TestInvoker.java:992)\n\tat org.testng.internal.invokers.TestInvoker.invokeTestMethods(TestInvoker.java:203)\n\tat org.testng.internal.invokers.TestMethodWorker.invokeTestMethods(TestMethodWorker.java:154)\n\tat org.testng.internal.invokers.TestMethodWorker.run(TestMethodWorker.java:134)\n\tat java.base/java.util.concurrent.Executors$RunnableAdapter.call(Executors.java:539)\n\tat java.base/java.util.concurrent.FutureTask.run(FutureTask.java:264)\n\tat org.testng.internal.thread.graph.TestNGFutureTask.run(TestNGFutureTask.java:22)\n\tat java.base/java.util.concurrent.ThreadPoolExecutor.runWorker(ThreadPoolExecutor.java:1136)\n\tat java.base/java.util.concurrent.ThreadPoolExecutor$Worker.run(ThreadPoolExecutor.java:635)\n\tat java.base/java.lang.Thread.run(Thread.java:840)\n","steps":[{"name":"Add product to cart: Customizable Mug","time":{"start":1766586661469,"stop":1766586665064,"duration":3595},"status":"passed","steps":[{"name":"Search product 'Mug'","time":{"start":1766586661469,"stop":1766586661469,"duration":0},"status":"passed","steps":[],"attachments":[],"parameters":[],"shouldDisplayMessage":false,"stepsCount":0,"attachmentsCount":0,"hasContent":false,"attachmentStep":false},{"name":"Click on product with title 'Customizable Mug'","time":{"start":1766586661492,"stop":1766586661492,"duration":0},"status":"passed","steps":[],"attachments":[],"parameters":[],"shouldDisplayMessage":false,"stepsCount":0,"attachmentsCount":0,"hasContent":false,"attachmentStep":false},{"name":"Configure product options before adding to cart","time":{"start":1766586662358,"stop":1766586662358,"duration":0},"status":"passed","steps":[],"attachments":[],"parameters":[],"shouldDisplayMessage":false,"stepsCount":0,"attachmentsCount":0,"hasContent":false,"attachmentStep":false},{"name":"Add product to cart","time":{"start":1766586665020,"stop":1766586665021,"duration":1},"status":"passed","steps":[],"attachments":[],"parameters":[],"shouldDisplayMessage":false,"stepsCount":0,"attachmentsCount":0,"hasContent":false,"attachmentStep":false}],"attachments":[],"parameters":[],"shouldDisplayMessage":false,"stepsCount":4,"attachmentsCount":0,"hasContent":true,"attachmentStep":false},{"name":"Click 'Continue Shopping' button on cart popup","time":{"start":1766586665064,"stop":1766586665064,"duration":0},"status":"passed","steps":[],"attachments":[],"parameters":[],"shouldDisplayMessage":false,"stepsCount":0,"attachmentsCount":0,"hasContent":false,"attachmentStep":false}],"attachments":[],"parameters":[],"shouldDisplayMessage":true,"stepsCount":6,"attachmentsCount":0,"hasContent":true,"attachmentStep":false},"afterStages":[{"name":"tearDown","time":{"start":1766586695074,"stop":1766586695203,"duration":129},"description":"","status":"passed","steps":[],"attachments":[{"uid":"2219730fadcb3b26","name":"Failure Screenshot","source":"2219730fadcb3b26.png","type":"image/png","size":56040},{"uid":"873cdbb3028563f8","name":"Page URL","source":"873cdbb3028563f8.txt","type":"text/plain","size":38}],"parameters":[],"shouldDisplayMessage":false,"stepsCount":0,"attachmentsCount":2,"hasContent":true,"attachmentStep":false}],"labels":[{"name":"package","value":"prestashop.tests.e2e.AddProductsToCartTest"},{"name":"testClass","value":"prestashop.tests.e2e.AddProductsToCartTest"},{"name":"testMethod","value":"shouldCompleteCheckoutSuccessfully"},{"name":"parentSuite","value":"Surefire suite"},{"name":"suite","value":"Surefire test"},{"name":"subSuite","value":"prestashop.tests.e2e.AddProductsToCartTest"},{"name":"host","value":"runnervmh13bl"},{"name":"thread","value":"2265@runnervmh13bl.TestNG-test-Surefire test-1(18)"},{"name":"framework","value":"testng"},{"name":"language","value":"java"},{"name":"resultFormat","value":"allure2"}],"parameters":[],"links":[{"name":"E2E-02","type":"issue"}],"hidden":false,"retry":false,"extra":{"severity":"normal","retries":[{"uid":"3287663f591b3d53","status":"skipped","statusDetails":"Error {\n  message='Timeout 30000ms exceeded.\n  name='TimeoutError\n  stack='TimeoutError: Timeout 30000ms exceeded.\n    at ProgressController.run (/tmp/playwright-java-9414616642018216744/package/lib/server/progress.js:75:26)\n    at Frame.waitForSelector (/tmp/playwright-java-9414616642018216744/package/lib/server/frames.js:629:23)\n    at FrameDispatcher.waitForSelector (/tmp/playwright-java-9414616642018216744/package/lib/server/dispatchers/frameDispatcher.js:106:103)\n    at FrameDispatcher._handleCommand (/tmp/playwright-java-9414616642018216744/package/lib/server/dispatchers/dispatcher.js:94:40)\n    at DispatcherConnection.dispatch (/tmp/playwright-java-9414616642018216744/package/lib/server/dispatchers/dispatcher.js:361:39)\n}\nCall log:\n-   - waiting for locator(\"iframe[name='framelive']\").contentFrame().locator(\"label\").filter(new Locator.FilterOptions().setHasText(\"Pay by Cash on Delivery\")) to be visible\n","time":{"start":1766586605491,"stop":1766586650371,"duration":44880}}],"categories":[{"name":"Test defects","matchedStatuses":[]}],"tags":[]},"source":"75446221392ffa31.json","parameterValues":[]}