{"uid":"eb624e1f127f5a55","name":"Verify that a user can add multiple products to the cart, complete checkout, and see a successful order confirmation","fullName":"prestashop.tests.e2e.AddProductsToCartTest.shouldCompleteCheckoutSuccessfully","historyId":"417c4396fffb00e50f61d76016959796","time":{"start":1766586873475,"stop":1766586907072,"duration":33597},"status":"broken","statusMessage":"[KNOWN ISSUE] Cart is empty after clicking 'Add to cart'. Product was not added — probable demo site lag.","statusTrace":"java.lang.IllegalStateException: [KNOWN ISSUE] Cart is empty after clicking 'Add to cart'. Product was not added — probable demo site lag.\n\tat prestashop.steps.CartPopupSteps.clickContinueShopping(CartPopupSteps.java:23)\n\tat prestashop.flows.CheckoutFlowSteps.addProductsToCart(CheckoutFlowSteps.java:49)\n\tat prestashop.tests.e2e.AddProductsToCartTest.shouldCompleteCheckoutSuccessfully(AddProductsToCartTest.java:32)\n\tat java.base/jdk.internal.reflect.NativeMethodAccessorImpl.invoke0(Native Method)\n\tat java.base/jdk.internal.reflect.NativeMethodAccessorImpl.invoke(NativeMethodAccessorImpl.java:77)\n\tat java.base/jdk.internal.reflect.DelegatingMethodAccessorImpl.invoke(DelegatingMethodAccessorImpl.java:43)\n\tat java.base/java.lang.reflect.Method.invoke(Method.java:569)\n\tat org.testng.internal.invokers.MethodInvocationHelper.invokeMethod(MethodInvocationHelper.java:141)\n\tat org.testng.internal.invokers.TestInvoker.invokeMethod(TestInvoker.java:686)\n\tat org.testng.internal.invokers.TestInvoker.invokeTestMethod(TestInvoker.java:230)\n\tat org.testng.internal.invokers.MethodRunner.runInSequence(MethodRunner.java:63)\n\tat org.testng.internal.invokers.TestInvoker$MethodInvocationAgent.invoke(TestInvoker.java:992)\n\tat org.testng.internal.invokers.TestInvoker.invokeTestMethods(TestInvoker.java:203)\n\tat org.testng.internal.invokers.TestMethodWorker.invokeTestMethods(TestMethodWorker.java:154)\n\tat org.testng.internal.invokers.TestMethodWorker.run(TestMethodWorker.java:134)\n\tat java.base/java.util.concurrent.Executors$RunnableAdapter.call(Executors.java:539)\n\tat java.base/java.util.concurrent.FutureTask.run(FutureTask.java:264)\n\tat org.testng.internal.thread.graph.TestNGFutureTask.run(TestNGFutureTask.java:22)\n\tat java.base/java.util.concurrent.ThreadPoolExecutor.runWorker(ThreadPoolExecutor.java:1136)\n\tat java.base/java.util.concurrent.ThreadPoolExecutor$Worker.run(ThreadPoolExecutor.java:635)\n\tat java.base/java.lang.Thread.run(Thread.java:840)\n","flaky":false,"newFailed":false,"newBroken":false,"newPassed":false,"retriesCount":0,"retriesStatusChange":false,"beforeStages":[{"name":"setUp","time":{"start":1766586846168,"stop":1766586873405,"duration":27237},"description":"","status":"passed","steps":[{"name":"Set up test environment","time":{"start":1766586846186,"stop":1766586862311,"duration":16125},"status":"passed","steps":[],"attachments":[],"parameters":[],"shouldDisplayMessage":false,"stepsCount":0,"attachmentsCount":0,"hasContent":false,"attachmentStep":false},{"name":"Open main page","time":{"start":1766586862312,"stop":1766586862312,"duration":0},"status":"passed","steps":[],"attachments":[],"parameters":[],"shouldDisplayMessage":false,"stepsCount":0,"attachmentsCount":0,"hasContent":false,"attachmentStep":false}],"attachments":[],"parameters":[],"shouldDisplayMessage":false,"stepsCount":2,"attachmentsCount":0,"hasContent":true,"attachmentStep":false}],"testStage":{"status":"broken","statusMessage":"[KNOWN ISSUE] Cart is empty after clicking 'Add to cart'. Product was not added — probable demo site lag.","statusTrace":"java.lang.IllegalStateException: [KNOWN ISSUE] Cart is empty after clicking 'Add to cart'. Product was not added — probable demo site lag.\n\tat prestashop.steps.CartPopupSteps.clickContinueShopping(CartPopupSteps.java:23)\n\tat prestashop.flows.CheckoutFlowSteps.addProductsToCart(CheckoutFlowSteps.java:49)\n\tat prestashop.tests.e2e.AddProductsToCartTest.shouldCompleteCheckoutSuccessfully(AddProductsToCartTest.java:32)\n\tat java.base/jdk.internal.reflect.NativeMethodAccessorImpl.invoke0(Native Method)\n\tat java.base/jdk.internal.reflect.NativeMethodAccessorImpl.invoke(NativeMethodAccessorImpl.java:77)\n\tat java.base/jdk.internal.reflect.DelegatingMethodAccessorImpl.invoke(DelegatingMethodAccessorImpl.java:43)\n\tat java.base/java.lang.reflect.Method.invoke(Method.java:569)\n\tat org.testng.internal.invokers.MethodInvocationHelper.invokeMethod(MethodInvocationHelper.java:141)\n\tat org.testng.internal.invokers.TestInvoker.invokeMethod(TestInvoker.java:686)\n\tat org.testng.internal.invokers.TestInvoker.invokeTestMethod(TestInvoker.java:230)\n\tat org.testng.internal.invokers.MethodRunner.runInSequence(MethodRunner.java:63)\n\tat org.testng.internal.invokers.TestInvoker$MethodInvocationAgent.invoke(TestInvoker.java:992)\n\tat org.testng.internal.invokers.TestInvoker.invokeTestMethods(TestInvoker.java:203)\n\tat org.testng.internal.invokers.TestMethodWorker.invokeTestMethods(TestMethodWorker.java:154)\n\tat org.testng.internal.invokers.TestMethodWorker.run(TestMethodWorker.java:134)\n\tat java.base/java.util.concurrent.Executors$RunnableAdapter.call(Executors.java:539)\n\tat java.base/java.util.concurrent.FutureTask.run(FutureTask.java:264)\n\tat org.testng.internal.thread.graph.TestNGFutureTask.run(TestNGFutureTask.java:22)\n\tat java.base/java.util.concurrent.ThreadPoolExecutor.runWorker(ThreadPoolExecutor.java:1136)\n\tat java.base/java.util.concurrent.ThreadPoolExecutor$Worker.run(ThreadPoolExecutor.java:635)\n\tat java.base/java.lang.Thread.run(Thread.java:840)\n","steps":[{"name":"Add product to cart: Customizable Mug","time":{"start":1766586873481,"stop":1766586877061,"duration":3580},"status":"passed","steps":[{"name":"Search product 'Mug'","time":{"start":1766586873481,"stop":1766586873481,"duration":0},"status":"passed","steps":[],"attachments":[],"parameters":[],"shouldDisplayMessage":false,"stepsCount":0,"attachmentsCount":0,"hasContent":false,"attachmentStep":false},{"name":"Click on product with title 'Customizable Mug'","time":{"start":1766586873507,"stop":1766586873508,"duration":1},"status":"passed","steps":[],"attachments":[],"parameters":[],"shouldDisplayMessage":false,"stepsCount":0,"attachmentsCount":0,"hasContent":false,"attachmentStep":false},{"name":"Configure product options before adding to cart","time":{"start":1766586874354,"stop":1766586874354,"duration":0},"status":"passed","steps":[],"attachments":[],"parameters":[],"shouldDisplayMessage":false,"stepsCount":0,"attachmentsCount":0,"hasContent":false,"attachmentStep":false},{"name":"Add product to cart","time":{"start":1766586877015,"stop":1766586877015,"duration":0},"status":"passed","steps":[],"attachments":[],"parameters":[],"shouldDisplayMessage":false,"stepsCount":0,"attachmentsCount":0,"hasContent":false,"attachmentStep":false}],"attachments":[],"parameters":[],"shouldDisplayMessage":false,"stepsCount":4,"attachmentsCount":0,"hasContent":true,"attachmentStep":false},{"name":"Click 'Continue Shopping' button on cart popup","time":{"start":1766586877061,"stop":1766586877062,"duration":1},"status":"passed","steps":[],"attachments":[],"parameters":[],"shouldDisplayMessage":false,"stepsCount":0,"attachmentsCount":0,"hasContent":false,"attachmentStep":false}],"attachments":[],"parameters":[],"shouldDisplayMessage":true,"stepsCount":6,"attachmentsCount":0,"hasContent":true,"attachmentStep":false},"afterStages":[{"name":"tearDown","time":{"start":1766586907081,"stop":1766586907217,"duration":136},"description":"","status":"passed","steps":[],"attachments":[{"uid":"212b96d503d8f859","name":"Failure Screenshot","source":"212b96d503d8f859.png","type":"image/png","size":56040},{"uid":"542ca257348dd28e","name":"Page URL","source":"542ca257348dd28e.txt","type":"text/plain","size":38}],"parameters":[],"shouldDisplayMessage":false,"stepsCount":0,"attachmentsCount":2,"hasContent":true,"attachmentStep":false}],"labels":[{"name":"package","value":"prestashop.tests.e2e.AddProductsToCartTest"},{"name":"testClass","value":"prestashop.tests.e2e.AddProductsToCartTest"},{"name":"testMethod","value":"shouldCompleteCheckoutSuccessfully"},{"name":"parentSuite","value":"Surefire suite"},{"name":"suite","value":"Surefire test"},{"name":"subSuite","value":"prestashop.tests.e2e.AddProductsToCartTest"},{"name":"host","value":"runnervmh13bl"},{"name":"thread","value":"2240@runnervmh13bl.TestNG-test-Surefire test-1(18)"},{"name":"framework","value":"testng"},{"name":"language","value":"java"},{"name":"resultFormat","value":"allure2"}],"parameters":[],"links":[{"name":"E2E-02","type":"issue"}],"hidden":false,"retry":false,"extra":{"severity":"normal","retries":[],"categories":[{"name":"Test defects","matchedStatuses":[]}],"tags":[]},"source":"eb624e1f127f5a55.json","parameterValues":[]}